<?xml version="1.0" encoding="UTF-8"?>
<!-- Generated by org.testng.reporters.JUnitXMLReporter -->
<testsuite ignored="0" hostname="Nivashini-Suresh" failures="0" tests="2" name="Default test" time="47.442" errors="0" timestamp="2025-04-24T08:10:26 IST">
  <testcase classname="inventoryTests.AddLowestPriceProductToCartTest" name="addLowestPriceProductTest" time="6.378"/>
  <testcase classname="inventoryTests.AddLowestPriceProductToCartTest" name="smaple" time="0.004"/>
</testsuite> <!-- Default test -->
